<?xml version="1.0" encoding="UTF-8"?>
<testsuite name="cn.bdqfork.core.factory.support.DefaultBeanFactoryTest" tests="10" skipped="0" failures="0" errors="0" timestamp="2020-02-09T13:34:23" hostname="bdq" time="0.193">
  <properties/>
  <testcase name="testGetBeans" classname="cn.bdqfork.core.factory.support.DefaultBeanFactoryTest" time="0.184"/>
  <testcase name="testNoSuchBeanException" classname="cn.bdqfork.core.factory.support.DefaultBeanFactoryTest" time="0.001"/>
  <testcase name="testGetBeanDefinitions" classname="cn.bdqfork.core.factory.support.DefaultBeanFactoryTest" time="0.0"/>
  <testcase name="testIsSingleton" classname="cn.bdqfork.core.factory.support.DefaultBeanFactoryTest" time="0.0"/>
  <testcase name="testConflictedBeanException" classname="cn.bdqfork.core.factory.support.DefaultBeanFactoryTest" time="0.0"/>
  <testcase name="testSetAndGetParentFactory" classname="cn.bdqfork.core.factory.support.DefaultBeanFactoryTest" time="0.001"/>
  <testcase name="testIsPrototype" classname="cn.bdqfork.core.factory.support.DefaultBeanFactoryTest" time="0.0"/>
  <testcase name="testGetBeanDefinition" classname="cn.bdqfork.core.factory.support.DefaultBeanFactoryTest" time="0.001"/>
  <testcase name="testBeanPostProcessor" classname="cn.bdqfork.core.factory.support.DefaultBeanFactoryTest" time="0.003"/>
  <testcase name="testCreateBean" classname="cn.bdqfork.core.factory.support.DefaultBeanFactoryTest" time="0.001"/>
  <system-out><![CDATA[[ TRACE] [2020-02-09 21:34:23.482] cn.bdqfork.core.factory.AbstractBeanFactory [90] [Test worker]- get singleton of type cn.bdqfork.model.bean.SingletonBeanServiceImpl !
[ TRACE] [2020-02-09 21:34:23.488] cn.bdqfork.core.factory.AbstractAutoInjectedBeanFactory [75] [Test worker]- create instance for cn.bdqfork.model.bean.SingletonBeanServiceImpl using constructor!
[ TRACE] [2020-02-09 21:34:23.489] cn.bdqfork.core.factory.DefaultBeanFactory [54] [Test worker]- instantiate bean cn.bdqfork.model.bean.SingletonBeanServiceImpl by injected constructor !
[ TRACE] [2020-02-09 21:34:23.489] cn.bdqfork.core.factory.DefaultBeanFactory [63] [Test worker]- injected constructor for bean cn.bdqfork.model.bean.SingletonBeanServiceImpl is null, will use default constructor !
[ TRACE] [2020-02-09 21:34:23.497] cn.bdqfork.core.factory.AbstractAutoInjectedBeanFactory [75] [Test worker]- create instance for cn.bdqfork.model.bean.SingletonBeanServiceImpl using constructor!
[ TRACE] [2020-02-09 21:34:23.498] cn.bdqfork.core.factory.DefaultBeanFactory [54] [Test worker]- instantiate bean cn.bdqfork.model.bean.SingletonBeanServiceImpl by injected constructor !
[ TRACE] [2020-02-09 21:34:23.498] cn.bdqfork.core.factory.DefaultBeanFactory [63] [Test worker]- injected constructor for bean cn.bdqfork.model.bean.SingletonBeanServiceImpl is null, will use default constructor !
postProcessBeforeInitializtion......
postProcessAfterInitializtion......
[ TRACE] [2020-02-09 21:34:23.499] cn.bdqfork.core.factory.AbstractAutoInjectedBeanFactory [75] [Test worker]- create instance for cn.bdqfork.model.bean.SingletonBeanServiceImpl using constructor!
[ TRACE] [2020-02-09 21:34:23.499] cn.bdqfork.core.factory.DefaultBeanFactory [54] [Test worker]- instantiate bean cn.bdqfork.model.bean.SingletonBeanServiceImpl by injected constructor !
[ TRACE] [2020-02-09 21:34:23.500] cn.bdqfork.core.factory.DefaultBeanFactory [63] [Test worker]- injected constructor for bean cn.bdqfork.model.bean.SingletonBeanServiceImpl is null, will use default constructor !
]]></system-out>
  <system-err><![CDATA[]]></system-err>
</testsuite>
