<?xml version="1.0" encoding="UTF-8"?>
<testsuite name="cn.bdqfork.aop.MethodSignatureTest" tests="1" skipped="0" failures="0" errors="0" timestamp="2020-02-09T13:34:20" hostname="bdq" time="0.005">
  <properties/>
  <testcase name="toShortString" classname="cn.bdqfork.aop.MethodSignatureTest" time="0.005"/>
  <system-out><![CDATA[foo(java.lang.String)
foo(java.lang.String)
]]></system-out>
  <system-err><![CDATA[]]></system-err>
</testsuite>
